Date      = Fri May  2 09:15:12 EDT 2025
host      = c0801a-s23
Directory = /blue/azare/jruizmunoz/yt_mi/audio-classification

🔹 Using device: cuda

🔹 Loading CSV from: ../tmp/fsd50k_spc/fsd50k_clips_labels_duration_max10sec.csv
🔹 Audio directory: ../tmp/fsd50k/FSD50K.dev_audio
🔹 Number of clips in CSV: 37613
🔹 Checking for precomputed embeddings in: .
🔹 No precomputed embeddings found. Starting extraction...
🔹 Processed 31356 files successfully
🔹 Encountered 6257 errors
🔹 Missing files: 6257
🔹 Extracted embeddings shape: (31356, 10, 768)
🔹 Extracted labels shape: (31356, 200)
🔹 Saved embeddings and labels for future runs.
🔹 Splitting dataset into train/test sets...
🔹 Starting training...
🔹 Evaluation Results (Epoch 10): {'Epoch': 10, 'Training Loss': 0.04491648775566915, 'Test Loss': 0.044809117913246155, 'mAP': 0.08826471667075028, 'F1': 0.02359136262561872, 'ROC-AUC': 0.8328069180625232}
🔹 Evaluation Results (Epoch 20): {'Epoch': 20, 'Training Loss': 0.03900665664084398, 'Test Loss': 0.04261263087391853, 'mAP': 0.12875803394648785, 'F1': 0.08072616674510759, 'ROC-AUC': 0.8633612477323979}
🔹 Evaluation Results (Epoch 30): {'Epoch': 30, 'Training Loss': 0.033618775202305454, 'Test Loss': 0.04169096797704697, 'mAP': 0.15241087985500262, 'F1': 0.13392935570329484, 'ROC-AUC': 0.8754472590660352}
🔹 Evaluation Results (Epoch 40): {'Epoch': 40, 'Training Loss': 0.027090704044813563, 'Test Loss': 0.045325253158807755, 'mAP': 0.1573691460410237, 'F1': 0.19129595598262633, 'ROC-AUC': 0.8738643113028581}
🔹 Evaluation Results (Epoch 50): {'Epoch': 50, 'Training Loss': 0.020480569867286712, 'Test Loss': 0.05250386893749237, 'mAP': 0.15370595899569914, 'F1': 0.2908251830637863, 'ROC-AUC': 0.8657208966499164}
🔹 Evaluation Results (Epoch 60): {'Epoch': 60, 'Training Loss': 0.015360334105077823, 'Test Loss': 0.06333178281784058, 'mAP': 0.14715258159813235, 'F1': 0.3586902037774339, 'ROC-AUC': 0.8540280408118492}
🔹 Evaluation Results (Epoch 70): {'Epoch': 70, 'Training Loss': 0.011661531154517155, 'Test Loss': 0.07754587382078171, 'mAP': 0.14455355911482523, 'F1': 0.36880373097608105, 'ROC-AUC': 0.8459808287403463}
🔹 Evaluation Results (Epoch 80): {'Epoch': 80, 'Training Loss': 0.008201874282424616, 'Test Loss': 0.09342197328805923, 'mAP': 0.14167180970056653, 'F1': 0.3284378875758193, 'ROC-AUC': 0.8414615157820614}
🔹 Evaluation Results (Epoch 90): {'Epoch': 90, 'Training Loss': 0.005526504053728311, 'Test Loss': 0.10267003625631332, 'mAP': 0.14213753037222912, 'F1': 0.36682214749775766, 'ROC-AUC': 0.8397204669549815}
🔹 Evaluation Results (Epoch 100): {'Epoch': 100, 'Training Loss': 0.003746389624941501, 'Test Loss': 0.12396284192800522, 'mAP': 0.1359052520006354, 'F1': 0.366743024656742, 'ROC-AUC': 0.8329080450800112}
🔹 Evaluation Results (Epoch 110): {'Epoch': 110, 'Training Loss': 0.005874608687842917, 'Test Loss': 0.1225898414850235, 'mAP': 0.13620826373883457, 'F1': 0.3192021746610989, 'ROC-AUC': 0.8354298844518346}
🔹 Evaluation Results (Epoch 120): {'Epoch': 120, 'Training Loss': 0.0019160625687948648, 'Test Loss': 0.1338590681552887, 'mAP': 0.13850073894011034, 'F1': 0.33575841703660336, 'ROC-AUC': 0.8357870715904464}
🔹 Evaluation Results (Epoch 130): {'Epoch': 130, 'Training Loss': 0.0016439073974159873, 'Test Loss': 0.1347026377916336, 'mAP': 0.1385767820431544, 'F1': 0.32374591996857693, 'ROC-AUC': 0.836239474478946}
🔹 Evaluation Results (Epoch 140): {'Epoch': 140, 'Training Loss': 0.0015022543697932344, 'Test Loss': 0.13264217972755432, 'mAP': 0.13795345660844718, 'F1': 0.32968395196469885, 'ROC-AUC': 0.8375930850622431}
🔹 Evaluation Results (Epoch 150): {'Epoch': 150, 'Training Loss': 0.0057072842725000945, 'Test Loss': 0.12531346082687378, 'mAP': 0.1348337601909264, 'F1': 0.30990872778879447, 'ROC-AUC': 0.8347739006032505}
🔹 Evaluation Results (Epoch 160): {'Epoch': 160, 'Training Loss': 0.00044201354416099133, 'Test Loss': 0.15840095281600952, 'mAP': 0.13724068124567318, 'F1': 0.3532305995816624, 'ROC-AUC': 0.8369500565118284}
🔹 Evaluation Results (Epoch 170): {'Epoch': 170, 'Training Loss': 0.00031001987664257383, 'Test Loss': 0.15438774228096008, 'mAP': 0.13974846236715469, 'F1': 0.3212911084775873, 'ROC-AUC': 0.8376946844102653}
🔹 Evaluation Results (Epoch 180): {'Epoch': 180, 'Training Loss': 0.0006076700862713609, 'Test Loss': 0.1446090042591095, 'mAP': 0.13906411209801875, 'F1': 0.3273143563776899, 'ROC-AUC': 0.8368096609811186}
🔹 Evaluation Results (Epoch 190): {'Epoch': 190, 'Training Loss': 0.00017246418034918843, 'Test Loss': 0.16806897521018982, 'mAP': 0.13955484770583473, 'F1': 0.30341042411569075, 'ROC-AUC': 0.838086561948611}
🔹 Evaluation Results (Epoch 200): {'Epoch': 200, 'Training Loss': 0.0003206814712678693, 'Test Loss': 0.14940792322158813, 'mAP': 0.13907254253447546, 'F1': 0.32985334945220357, 'ROC-AUC': 0.8376166023791197}
🔹 Evaluation Results (Epoch 210): {'Epoch': 210, 'Training Loss': 0.00012636205815831734, 'Test Loss': 0.17053338885307312, 'mAP': 0.1387669011650277, 'F1': 0.34929313570808096, 'ROC-AUC': 0.8377403089504987}
🔹 Evaluation Results (Epoch 220): {'Epoch': 220, 'Training Loss': 0.0003761092318958977, 'Test Loss': 0.14762239158153534, 'mAP': 0.13974443135823073, 'F1': 0.3663897181303231, 'ROC-AUC': 0.8368824560511671}
🔹 Evaluation Results (Epoch 230): {'Epoch': 230, 'Training Loss': 0.00011474082543393063, 'Test Loss': 0.17083700001239777, 'mAP': 0.1401613715206368, 'F1': 0.34498783572131864, 'ROC-AUC': 0.8381687103244647}
🔹 Evaluation Results (Epoch 240): {'Epoch': 240, 'Training Loss': 0.0011223579206723411, 'Test Loss': 0.1396162062883377, 'mAP': 0.13865410921605142, 'F1': 0.36580509651650167, 'ROC-AUC': 0.8360163651641441}
🔹 Evaluation Results (Epoch 250): {'Epoch': 250, 'Training Loss': 0.00012141328509288964, 'Test Loss': 0.16811725497245789, 'mAP': 0.13985593364396134, 'F1': 0.3744208941927362, 'ROC-AUC': 0.8374112703632133}
🔹 Evaluation Results (Epoch 260): {'Epoch': 260, 'Training Loss': 0.003371573662812448, 'Test Loss': 0.1302933245897293, 'mAP': 0.13480915202076693, 'F1': 0.3490188876835817, 'ROC-AUC': 0.834763234427178}
🔹 Evaluation Results (Epoch 270): {'Epoch': 270, 'Training Loss': 0.00012568625067041855, 'Test Loss': 0.1663559526205063, 'mAP': 0.1395401868806777, 'F1': 0.33433433044650746, 'ROC-AUC': 0.8374614643351815}
🔹 Evaluation Results (Epoch 280): {'Epoch': 280, 'Training Loss': 6.106817470785604e-05, 'Test Loss': 0.18543732166290283, 'mAP': 0.1396034880253813, 'F1': 0.33252675132116793, 'ROC-AUC': 0.8382003912952263}
🔹 Evaluation Results (Epoch 290): {'Epoch': 290, 'Training Loss': 0.00020610834312459133, 'Test Loss': 0.15591123700141907, 'mAP': 0.1419928498458362, 'F1': 0.3506627542903436, 'ROC-AUC': 0.837260838542339}
🔹 Evaluation Results (Epoch 300): {'Epoch': 300, 'Training Loss': 8.163010741578071e-05, 'Test Loss': 0.17483963072299957, 'mAP': 0.1420637115008728, 'F1': 0.3417389260204803, 'ROC-AUC': 0.8382136365370113}
🔹 Evaluation Results (Epoch 310): {'Epoch': 310, 'Training Loss': 0.005888685475809464, 'Test Loss': 0.12423563748598099, 'mAP': 0.1403217790534551, 'F1': 0.33117710908465553, 'ROC-AUC': 0.8324964220096447}
🔹 Evaluation Results (Epoch 320): {'Epoch': 320, 'Training Loss': 0.0001202636832800682, 'Test Loss': 0.166627898812294, 'mAP': 0.14323463236192832, 'F1': 0.36053128483007996, 'ROC-AUC': 0.8373021445312471}
🔹 Evaluation Results (Epoch 330): {'Epoch': 330, 'Training Loss': 5.591006603912795e-05, 'Test Loss': 0.18471792340278625, 'mAP': 0.14284989608273718, 'F1': 0.3667155103492343, 'ROC-AUC': 0.8378366469516118}
🔹 Evaluation Results (Epoch 340): {'Epoch': 340, 'Training Loss': 0.00018530430494300475, 'Test Loss': 0.15795013308525085, 'mAP': 0.14169338343660431, 'F1': 0.3440023952031875, 'ROC-AUC': 0.8358067349100282}
🔹 Evaluation Results (Epoch 350): {'Epoch': 350, 'Training Loss': 0.017592420304067297, 'Test Loss': 0.11862120032310486, 'mAP': 0.13021881348293723, 'F1': 0.3354915502620727, 'ROC-AUC': 0.8267956482732444}
🔹 Evaluation Results (Epoch 360): {'Epoch': 360, 'Training Loss': 0.00010644734609474659, 'Test Loss': 0.16870105266571045, 'mAP': 0.1415039944975868, 'F1': 0.3106583566885417, 'ROC-AUC': 0.8361110980262597}
🔹 Evaluation Results (Epoch 370): {'Epoch': 370, 'Training Loss': 4.895428800566128e-05, 'Test Loss': 0.18620425462722778, 'mAP': 0.14183298000031144, 'F1': 0.3110869481532915, 'ROC-AUC': 0.8371546120400859}
🔹 Evaluation Results (Epoch 380): {'Epoch': 380, 'Training Loss': 0.00028500011770809543, 'Test Loss': 0.15812304615974426, 'mAP': 0.14027765767998285, 'F1': 0.3242801245004335, 'ROC-AUC': 0.835575519830606}
🔹 Evaluation Results (Epoch 390): {'Epoch': 390, 'Training Loss': 6.57139428819687e-05, 'Test Loss': 0.17822730541229248, 'mAP': 0.14213941613467557, 'F1': 0.33929003283373177, 'ROC-AUC': 0.8373099875472341}
🔹 Evaluation Results (Epoch 400): {'Epoch': 400, 'Training Loss': 3.3225548038575026e-05, 'Test Loss': 0.19506718218326569, 'mAP': 0.1423594273468925, 'F1': 0.34984832121754494, 'ROC-AUC': 0.837762870801514}
🔹 Evaluation Results (Epoch 410): {'Epoch': 410, 'Training Loss': 0.00016651464403558011, 'Test Loss': 0.16114327311515808, 'mAP': 0.14089470856593161, 'F1': 0.3034659323396856, 'ROC-AUC': 0.8367294254497614}
🔹 Evaluation Results (Epoch 420): {'Epoch': 420, 'Training Loss': 6.0227794095741845e-05, 'Test Loss': 0.18077194690704346, 'mAP': 0.1414664731832538, 'F1': 0.3139258053106979, 'ROC-AUC': 0.8378836896197029}
🔹 Evaluation Results (Epoch 430): {'Epoch': 430, 'Training Loss': 2.982867365850545e-05, 'Test Loss': 0.19867466390132904, 'mAP': 0.14124831724281287, 'F1': 0.329011003313622, 'ROC-AUC': 0.8384253870414156}
🔹 Evaluation Results (Epoch 440): {'Epoch': 440, 'Training Loss': 0.007690545115145339, 'Test Loss': 0.1269921213388443, 'mAP': 0.13525697908182552, 'F1': 0.3439082749110655, 'ROC-AUC': 0.8262157027793698}
🔹 Evaluation Results (Epoch 450): {'Epoch': 450, 'Training Loss': 8.78073747841134e-05, 'Test Loss': 0.17533615231513977, 'mAP': 0.14180735538169137, 'F1': 0.3171763090703864, 'ROC-AUC': 0.8361307767009436}
🔹 Evaluation Results (Epoch 460): {'Epoch': 460, 'Training Loss': 4.042282064332609e-05, 'Test Loss': 0.19121675193309784, 'mAP': 0.14223970025108154, 'F1': 0.3263751372942761, 'ROC-AUC': 0.8374909459624388}
🔹 Evaluation Results (Epoch 470): {'Epoch': 470, 'Training Loss': 2.0425637436566867e-05, 'Test Loss': 0.2082899510860443, 'mAP': 0.14206007453929614, 'F1': 0.3373777007187217, 'ROC-AUC': 0.8382377854345441}
🔹 Evaluation Results (Epoch 480): {'Epoch': 480, 'Training Loss': 0.0004931493912738968, 'Test Loss': 0.15950849652290344, 'mAP': 0.14070331782186793, 'F1': 0.3448919631044248, 'ROC-AUC': 0.8348106918172309}
🔹 Evaluation Results (Epoch 490): {'Epoch': 490, 'Training Loss': 6.389099976013023e-05, 'Test Loss': 0.18287122249603271, 'mAP': 0.14206098384407442, 'F1': 0.32845465714179417, 'ROC-AUC': 0.8372533926272391}
🔹 Evaluation Results (Epoch 500): {'Epoch': 500, 'Training Loss': 3.0232680265222243e-05, 'Test Loss': 0.19969725608825684, 'mAP': 0.1421884238245976, 'F1': 0.334247950675417, 'ROC-AUC': 0.8378934492311223}
🔹 Evaluation Results (Epoch 510): {'Epoch': 510, 'Training Loss': 0.00568768292351086, 'Test Loss': 0.13477832078933716, 'mAP': 0.13482709067526774, 'F1': 0.34275785874418085, 'ROC-AUC': 0.8282902679797877}
🔹 Evaluation Results (Epoch 520): {'Epoch': 520, 'Training Loss': 8.645649845704472e-05, 'Test Loss': 0.17693664133548737, 'mAP': 0.14064959064161173, 'F1': 0.3110552293998733, 'ROC-AUC': 0.836459270890756}
🔹 Evaluation Results (Epoch 530): {'Epoch': 530, 'Training Loss': 3.850045379677233e-05, 'Test Loss': 0.1936902552843094, 'mAP': 0.1410107615752951, 'F1': 0.31666189273578604, 'ROC-AUC': 0.8378282546659218}
🔹 Evaluation Results (Epoch 540): {'Epoch': 540, 'Training Loss': 0.0004737234340163517, 'Test Loss': 0.15934701263904572, 'mAP': 0.13924104500565782, 'F1': 0.33540310625248454, 'ROC-AUC': 0.8349375409486288}
🔹 Evaluation Results (Epoch 550): {'Epoch': 550, 'Training Loss': 5.743647526073192e-05, 'Test Loss': 0.1835605651140213, 'mAP': 0.14108943500196744, 'F1': 0.32471352509262824, 'ROC-AUC': 0.8384125512821647}
🔹 Evaluation Results (Epoch 560): {'Epoch': 560, 'Training Loss': 0.02007040146524739, 'Test Loss': 0.12219218909740448, 'mAP': 0.1278343049701949, 'F1': 0.3276816572382461, 'ROC-AUC': 0.8227676494551323}
🔹 Evaluation Results (Epoch 570): {'Epoch': 570, 'Training Loss': 0.00038100194987161735, 'Test Loss': 0.1734018325805664, 'mAP': 0.14034343725579265, 'F1': 0.359888178806574, 'ROC-AUC': 0.8336133853374241}
🔹 Evaluation Results (Epoch 580): {'Epoch': 580, 'Training Loss': 5.559477617998999e-05, 'Test Loss': 0.18645402789115906, 'mAP': 0.14203240307747564, 'F1': 0.3522649100408556, 'ROC-AUC': 0.8360571299755515}
🔹 Evaluation Results (Epoch 590): {'Epoch': 590, 'Training Loss': 2.6817351102233557e-05, 'Test Loss': 0.20174488425254822, 'mAP': 0.14253323278797503, 'F1': 0.3613267143009014, 'ROC-AUC': 0.8373120206401355}
🔹 Evaluation Results (Epoch 600): {'Epoch': 600, 'Training Loss': 1.4302687275769918e-05, 'Test Loss': 0.21584004163742065, 'mAP': 0.14219723678551374, 'F1': 0.33729623158944866, 'ROC-AUC': 0.8378513899220248}
🔹 Evaluation Results (Epoch 610): {'Epoch': 610, 'Training Loss': 7.4956763565768695e-06, 'Test Loss': 0.23213133215904236, 'mAP': 0.14190296847498723, 'F1': 0.34133764484729645, 'ROC-AUC': 0.8383129814055007}
🔹 Evaluation Results (Epoch 620): {'Epoch': 620, 'Training Loss': 0.00036514396818167867, 'Test Loss': 0.16898919641971588, 'mAP': 0.1383362273566865, 'F1': 0.31850994567012497, 'ROC-AUC': 0.8323332450058046}
🔹 Evaluation Results (Epoch 630): {'Epoch': 630, 'Training Loss': 4.782143922427752e-05, 'Test Loss': 0.19207356870174408, 'mAP': 0.1396560916167055, 'F1': 0.3409604403664631, 'ROC-AUC': 0.8360835961729103}
🔹 Evaluation Results (Epoch 640): {'Epoch': 640, 'Training Loss': 0.0001324643462041399, 'Test Loss': 0.17866605520248413, 'mAP': 0.13841197671902716, 'F1': 0.3608771235490557, 'ROC-AUC': 0.8335193753428178}
🔹 Evaluation Results (Epoch 650): {'Epoch': 650, 'Training Loss': 3.412185072245234e-05, 'Test Loss': 0.1985984444618225, 'mAP': 0.14008983708237177, 'F1': 0.33009106532654203, 'ROC-AUC': 0.8353380508393314}
🔹 Evaluation Results (Epoch 660): {'Epoch': 660, 'Training Loss': 1.746468557598022e-05, 'Test Loss': 0.21303673088550568, 'mAP': 0.1405862730599276, 'F1': 0.3202985341656954, 'ROC-AUC': 0.8362053884879463}
🔹 Evaluation Results (Epoch 670): {'Epoch': 670, 'Training Loss': 0.004039528144962469, 'Test Loss': 0.14614954590797424, 'mAP': 0.13529364845576386, 'F1': 0.31978505325997597, 'ROC-AUC': 0.8244376214114318}
🔹 Evaluation Results (Epoch 680): {'Epoch': 680, 'Training Loss': 6.197731877335311e-05, 'Test Loss': 0.18842534720897675, 'mAP': 0.139605214767732, 'F1': 0.35955887145885823, 'ROC-AUC': 0.8326992377248223}
🔹 Evaluation Results (Epoch 690): {'Epoch': 690, 'Training Loss': 2.7829082752244287e-05, 'Test Loss': 0.2047158032655716, 'mAP': 0.14012651822685313, 'F1': 0.3689590853305457, 'ROC-AUC': 0.8342663393301119}
🔹 Evaluation Results (Epoch 700): {'Epoch': 700, 'Training Loss': 0.00013792835916377676, 'Test Loss': 0.17797909677028656, 'mAP': 0.13825866713290982, 'F1': 0.3554362704765518, 'ROC-AUC': 0.8338064716219429}
🔹 Evaluation Results (Epoch 710): {'Epoch': 710, 'Training Loss': 3.9899088188825666e-05, 'Test Loss': 0.1969846785068512, 'mAP': 0.13916251057808277, 'F1': 0.32127284245963084, 'ROC-AUC': 0.8358469551501068}
🔹 Evaluation Results (Epoch 720): {'Epoch': 720, 'Training Loss': 0.013240746106762605, 'Test Loss': 0.13298887014389038, 'mAP': 0.12821554204556265, 'F1': 0.37592344409590894, 'ROC-AUC': 0.8243281902084473}
🔹 Evaluation Results (Epoch 730): {'Epoch': 730, 'Training Loss': 7.050007180930678e-05, 'Test Loss': 0.18601708114147186, 'mAP': 0.14030082957103987, 'F1': 0.342550963438772, 'ROC-AUC': 0.8356866270054126}
🔹 Evaluation Results (Epoch 740): {'Epoch': 740, 'Training Loss': 3.112628159921833e-05, 'Test Loss': 0.2025202363729477, 'mAP': 0.14085963150937983, 'F1': 0.34197289627522, 'ROC-AUC': 0.8366383907414621}
🔹 Evaluation Results (Epoch 750): {'Epoch': 750, 'Training Loss': 1.838805688447601e-05, 'Test Loss': 0.21763965487480164, 'mAP': 0.14155583589561657, 'F1': 0.34166408826864514, 'ROC-AUC': 0.8371655305682516}
🔹 Evaluation Results (Epoch 760): {'Epoch': 760, 'Training Loss': 8.871021298105846e-05, 'Test Loss': 0.18180173635482788, 'mAP': 0.14081428305423835, 'F1': 0.3600759418371915, 'ROC-AUC': 0.8357861578103595}
🔹 Evaluation Results (Epoch 770): {'Epoch': 770, 'Training Loss': 3.4194755690301335e-05, 'Test Loss': 0.1993134766817093, 'mAP': 0.14125675323972797, 'F1': 0.3551375791544335, 'ROC-AUC': 0.8371775929148714}
🔹 Evaluation Results (Epoch 780): {'Epoch': 780, 'Training Loss': 0.003716865727221178, 'Test Loss': 0.14549502730369568, 'mAP': 0.13320773253203091, 'F1': 0.36187851867678206, 'ROC-AUC': 0.8278402814278288}
🔹 Evaluation Results (Epoch 790): {'Epoch': 790, 'Training Loss': 6.215658659767211e-05, 'Test Loss': 0.18754911422729492, 'mAP': 0.13961938852861672, 'F1': 0.3738139107880006, 'ROC-AUC': 0.8361405682262542}
🔹 Evaluation Results (Epoch 800): {'Epoch': 800, 'Training Loss': 2.7794018128269893e-05, 'Test Loss': 0.2034180909395218, 'mAP': 0.140063348670649, 'F1': 0.34916768307321067, 'ROC-AUC': 0.8370544287558626}
🔹 Evaluation Results (Epoch 810): {'Epoch': 810, 'Training Loss': 0.002789353761988081, 'Test Loss': 0.15297381579875946, 'mAP': 0.13636034362566454, 'F1': 0.34572923345689177, 'ROC-AUC': 0.8314590608666812}
🔹 Evaluation Results (Epoch 820): {'Epoch': 820, 'Training Loss': 5.644143682405513e-05, 'Test Loss': 0.19013939797878265, 'mAP': 0.1399273934763086, 'F1': 0.3561185658784025, 'ROC-AUC': 0.8356745984015906}
🔹 Evaluation Results (Epoch 830): {'Epoch': 830, 'Training Loss': 2.630437136608084e-05, 'Test Loss': 0.20494337379932404, 'mAP': 0.1406250666656412, 'F1': 0.35144290870948436, 'ROC-AUC': 0.8370983341908683}
🔹 Evaluation Results (Epoch 840): {'Epoch': 840, 'Training Loss': 0.005988168994344439, 'Test Loss': 0.14026978611946106, 'mAP': 0.13376810929536853, 'F1': 0.3584061628444209, 'ROC-AUC': 0.8272301193435365}
🔹 Evaluation Results (Epoch 850): {'Epoch': 850, 'Training Loss': 6.5678324219311e-05, 'Test Loss': 0.18961110711097717, 'mAP': 0.13882152982804988, 'F1': 0.3517916933996957, 'ROC-AUC': 0.8341133810736906}
🔹 Evaluation Results (Epoch 860): {'Epoch': 860, 'Training Loss': 2.89807103978949e-05, 'Test Loss': 0.2061200737953186, 'mAP': 0.13956728170050806, 'F1': 0.35113522857557355, 'ROC-AUC': 0.8354763985456569}
🔹 Evaluation Results (Epoch 870): {'Epoch': 870, 'Training Loss': 1.464493078085858e-05, 'Test Loss': 0.22082433104515076, 'mAP': 0.1398708359031758, 'F1': 0.337805535718085, 'ROC-AUC': 0.8363830067838006}
🔹 Evaluation Results (Epoch 880): {'Epoch': 880, 'Training Loss': 0.0008498092703254312, 'Test Loss': 0.16550065577030182, 'mAP': 0.13704453198767272, 'F1': 0.34379556801615335, 'ROC-AUC': 0.8310206184576785}
🔹 Evaluation Results (Epoch 890): {'Epoch': 890, 'Training Loss': 5.093139634192565e-05, 'Test Loss': 0.1943606287240982, 'mAP': 0.13949882439052946, 'F1': 0.3496363554277967, 'ROC-AUC': 0.8348156997988602}
🔹 Evaluation Results (Epoch 900): {'Epoch': 900, 'Training Loss': 2.36851027560536e-05, 'Test Loss': 0.21006321907043457, 'mAP': 0.14050539644666402, 'F1': 0.3490152374127213, 'ROC-AUC': 0.8360401768819017}
🔹 Evaluation Results (Epoch 910): {'Epoch': 910, 'Training Loss': 0.0009584585746014669, 'Test Loss': 0.16439785063266754, 'mAP': 0.13747251150422968, 'F1': 0.3524039662613103, 'ROC-AUC': 0.8298006760291746}
🔹 Evaluation Results (Epoch 920): {'Epoch': 920, 'Training Loss': 5.224940985638447e-05, 'Test Loss': 0.19517512619495392, 'mAP': 0.1396913554173391, 'F1': 0.3514532672175595, 'ROC-AUC': 0.8337602103251736}
🔹 Evaluation Results (Epoch 930): {'Epoch': 930, 'Training Loss': 2.399247464700528e-05, 'Test Loss': 0.2113979309797287, 'mAP': 0.14011591441411148, 'F1': 0.3447494656325162, 'ROC-AUC': 0.8350663012257853}
🔹 Evaluation Results (Epoch 940): {'Epoch': 940, 'Training Loss': 1.2094645959443404e-05, 'Test Loss': 0.227213054895401, 'mAP': 0.14011180876506366, 'F1': 0.3640227876154428, 'ROC-AUC': 0.835494777237286}
🔹 Evaluation Results (Epoch 950): {'Epoch': 950, 'Training Loss': 0.00020672200401691766, 'Test Loss': 0.1790774166584015, 'mAP': 0.13789167855157242, 'F1': 0.3316825489440205, 'ROC-AUC': 0.8335017476222444}
🔹 Evaluation Results (Epoch 960): {'Epoch': 960, 'Training Loss': 3.8260965385425323e-05, 'Test Loss': 0.2011040598154068, 'mAP': 0.1387580382481301, 'F1': 0.3496731113605853, 'ROC-AUC': 0.8356276917680002}
🔹 Evaluation Results (Epoch 970): {'Epoch': 970, 'Training Loss': 0.0011845353040191684, 'Test Loss': 0.16671283543109894, 'mAP': 0.13534888504812106, 'F1': 0.34164572063822346, 'ROC-AUC': 0.8295342554544216}
🔹 Evaluation Results (Epoch 980): {'Epoch': 980, 'Training Loss': 4.255042945173462e-05, 'Test Loss': 0.1993570625782013, 'mAP': 0.13990978078174277, 'F1': 0.3599386141425036, 'ROC-AUC': 0.8351420041982708}
🔹 Evaluation Results (Epoch 990): {'Epoch': 990, 'Training Loss': 2.0600782081137772e-05, 'Test Loss': 0.2139386534690857, 'mAP': 0.14047294014127965, 'F1': 0.3502283606757346, 'ROC-AUC': 0.8362487546767592}
🔹 Evaluation Results (Epoch 1000): {'Epoch': 1000, 'Training Loss': 1.0735292122193248e-05, 'Test Loss': 0.22850272059440613, 'mAP': 0.14083310706472127, 'F1': 0.34544838578606046, 'ROC-AUC': 0.8364808919035367}
✅ Training complete!
